2014/10/04 22:36:42 [error] [exception.CDbException] exception 'CDbException' with message 'CDbConnection failed to open the DB connection: SQLSTATE[42000] [1049] Unknown database 'yi_learn_ar'' in /mnt/Rumah-Q/Edomaru/Learn/Php/Framework/Yii/yii/framework/db/CDbConnection.php:381
Stack trace:
#0 /mnt/Rumah-Q/Edomaru/Learn/Php/Framework/Yii/yii/framework/db/CDbConnection.php(330): CDbConnection->open()
#1 /mnt/Rumah-Q/Edomaru/Learn/Php/Framework/Yii/yii/framework/db/CDbConnection.php(308): CDbConnection->setActive(true)
#2 /mnt/Rumah-Q/Edomaru/Learn/Php/Framework/Yii/yii/framework/base/CModule.php(387): CDbConnection->init()
#3 /mnt/Rumah-Q/Edomaru/Learn/Php/Framework/Yii/yii/framework/base/CModule.php(103): CModule->getComponent('db')
#4 /mnt/Rumah-Q/Edomaru/Learn/Php/Framework/Yii/yii/framework/gii/generators/model/ModelCode.php(57): CModule->__get('db')
#5 /mnt/Rumah-Q/Edomaru/Learn/Php/Framework/Yii/yii/framework/web/CFormModel.php(39): ModelCode->init()
#6 /mnt/Rumah-Q/Edomaru/Learn/Php/Framework/Yii/yii/framework/gii/CCodeGenerator.php(153): CFormModel->__construct()
#7 /mnt/Rumah-Q/Edomaru/Learn/Php/Framework/Yii/yii/framework/gii/CCodeGenerator.php(63): CCodeGenerator->prepare()
#8 /mnt/Rumah-Q/Edomaru/Learn/Php/Framework/Yii/yii/framework/web/actions/CInlineAction.php(49): CCodeGenerator->actionIndex()
#9 /mnt/Rumah-Q/Edomaru/Learn/Php/Framework/Yii/yii/framework/web/CController.php(308): CInlineAction->runWithParams(Array)
#10 /mnt/Rumah-Q/Edomaru/Learn/Php/Framework/Yii/yii/framework/web/CController.php(286): CController->runAction(Object(CInlineAction))
#11 /mnt/Rumah-Q/Edomaru/Learn/Php/Framework/Yii/yii/framework/web/CController.php(265): CController->runActionWithFilters(Object(CInlineAction), Array)
#12 /mnt/Rumah-Q/Edomaru/Learn/Php/Framework/Yii/yii/framework/web/CWebApplication.php(282): CController->run('')
#13 /mnt/Rumah-Q/Edomaru/Learn/Php/Framework/Yii/yii/framework/web/CWebApplication.php(141): CWebApplication->runController('gii/model')
#14 /mnt/Rumah-Q/Edomaru/Learn/Php/Framework/Yii/yii/framework/base/CApplication.php(169): CWebApplication->processRequest()
#15 /mnt/Rumah-Q/Edomaru/Learn/Php/Framework/Yii/learn_yii_ar/index.php(13): CApplication->run()
#16 {main}
REQUEST_URI=/Framework/Yii/learn_yii_ar/index.php?r=gii/model
HTTP_REFERER=http://learnphp.localhost/Framework/Yii/learn_yii_ar/index.php?r=gii/default/index
---
